This is pdfTeX, Version 3.141592653-2.6-1.40.24 (TeX Live 2022/Debian) (preloaded format=pdflatex 2025.1.24)  27 JAN 2025 15:47
entering extended mode
 restricted \write18 enabled.
 %&-line parsing enabled.
**hw1_writeup.tex
(./hw1_writeup.tex
LaTeX2e <2022-11-01> patch level 1
L3 programming layer <2023-01-16>
(/usr/share/texlive/texmf-dist/tex/latex/base/article.cls
Document Class: article 2022/07/02 v1.4n Standard LaTeX document class
(/usr/share/texlive/texmf-dist/tex/latex/base/size12.clo
File: size12.clo 2022/07/02 v1.4n Standard LaTeX file (size option)
)
\c@part=\count185
\c@section=\count186
\c@subsection=\count187
\c@subsubsection=\count188
\c@paragraph=\count189
\c@subparagraph=\count190
\c@figure=\count191
\c@table=\count192
\abovecaptionskip=\skip48
\belowcaptionskip=\skip49
\bibindent=\dimen140
)
(/usr/share/texlive/texmf-dist/tex/latex/amsfonts/amsfonts.sty
Package: amsfonts 2013/01/14 v3.01 Basic AMSFonts support
\@emptytoks=\toks16
\symAMSa=\mathgroup4
\symAMSb=\mathgroup5
LaTeX Font Info:    Redeclaring math symbol \hbar on input line 98.
LaTeX Font Info:    Overwriting math alphabet `\mathfrak' in version `bold'
(Font)                  U/euf/m/n --> U/euf/b/n on input line 106.
)
(/usr/share/texlive/texmf-dist/tex/latex/amsfonts/amssymb.sty
Package: amssymb 2013/01/14 v3.01 AMS font symbols
)
(/usr/share/texlive/texmf-dist/tex/latex/graphics/graphicx.sty
Package: graphicx 2021/09/16 v1.2d Enhanced LaTeX Graphics (DPC,SPQR)

(/usr/share/texlive/texmf-dist/tex/latex/graphics/keyval.sty
Package: keyval 2022/05/29 v1.15 key=value parser (DPC)
\KV@toks@=\toks17
)
(/usr/share/texlive/texmf-dist/tex/latex/graphics/graphics.sty
Package: graphics 2022/03/10 v1.4e Standard LaTeX Graphics (DPC,SPQR)

(/usr/share/texlive/texmf-dist/tex/latex/graphics/trig.sty
Package: trig 2021/08/11 v1.11 sin cos tan (DPC)
)
(/usr/share/texlive/texmf-dist/tex/latex/graphics-cfg/graphics.cfg
File: graphics.cfg 2016/06/04 v1.11 sample graphics configuration
)
Package graphics Info: Driver file: pdftex.def on input line 107.

(/usr/share/texlive/texmf-dist/tex/latex/graphics-def/pdftex.def
File: pdftex.def 2022/09/22 v1.2b Graphics/color driver for pdftex
))
\Gin@req@height=\dimen141
\Gin@req@width=\dimen142
)
(/usr/share/texlive/texmf-dist/tex/latex/l3backend/l3backend-pdftex.def
File: l3backend-pdftex.def 2023-01-16 L3 backend support: PDF output (pdfTeX)
\l__color_backend_stack_int=\count193
\l__pdf_internal_box=\box51
)
(./hw1_writeup.aux)
\openout1 = `hw1_writeup.aux'.

LaTeX Font Info:    Checking defaults for OML/cmm/m/it on input line 30.
LaTeX Font Info:    ... okay on input line 30.
LaTeX Font Info:    Checking defaults for OMS/cmsy/m/n on input line 30.
LaTeX Font Info:    ... okay on input line 30.
LaTeX Font Info:    Checking defaults for OT1/cmr/m/n on input line 30.
LaTeX Font Info:    ... okay on input line 30.
LaTeX Font Info:    Checking defaults for T1/cmr/m/n on input line 30.
LaTeX Font Info:    ... okay on input line 30.
LaTeX Font Info:    Checking defaults for TS1/cmr/m/n on input line 30.
LaTeX Font Info:    ... okay on input line 30.
LaTeX Font Info:    Checking defaults for OMX/cmex/m/n on input line 30.
LaTeX Font Info:    ... okay on input line 30.
LaTeX Font Info:    Checking defaults for U/cmr/m/n on input line 30.
LaTeX Font Info:    ... okay on input line 30.

(/usr/share/texlive/texmf-dist/tex/context/base/mkii/supp-pdf.mkii
[Loading MPS to PDF converter (version 2006.09.02).]
\scratchcounter=\count194
\scratchdimen=\dimen143
\scratchbox=\box52
\nofMPsegments=\count195
\nofMParguments=\count196
\everyMPshowfont=\toks18
\MPscratchCnt=\count197
\MPscratchDim=\dimen144
\MPnumerator=\count198
\makeMPintoPDFobject=\count199
\everyMPtoPDFconversion=\toks19
) (/usr/share/texlive/texmf-dist/tex/latex/epstopdf-pkg/epstopdf-base.sty
Package: epstopdf-base 2020-01-24 v2.11 Base part for package epstopdf
Package epstopdf-base Info: Redefining graphics rule for `.eps' on input line 4
85.

(/usr/share/texlive/texmf-dist/tex/latex/latexconfig/epstopdf-sys.cfg
File: epstopdf-sys.cfg 2010/07/13 v1.3 Configuration of (r)epstopdf for TeX Liv
e
))
LaTeX Font Info:    Trying to load font information for U+msa on input line 32.


(/usr/share/texlive/texmf-dist/tex/latex/amsfonts/umsa.fd
File: umsa.fd 2013/01/14 v3.01 AMS symbols A
)
LaTeX Font Info:    Trying to load font information for U+msb on input line 32.


(/usr/share/texlive/texmf-dist/tex/latex/amsfonts/umsb.fd
File: umsb.fd 2013/01/14 v3.01 AMS symbols B
)
Underfull \hbox (badness 10000) in paragraph at lines 31--34

 []

[1{/var/lib/texmf/fonts/map/pdftex/updmap/pdftex.map}

]
Underfull \hbox (badness 10000) in paragraph at lines 94--95

 []


Underfull \hbox (badness 10000) in paragraph at lines 94--95

 []


Underfull \hbox (badness 10000) in paragraph at lines 96--99

 []


Underfull \hbox (badness 10000) in paragraph at lines 96--99

 []

[2]
Underfull \hbox (badness 10000) in paragraph at lines 138--145

 []


Underfull \hbox (badness 10000) in paragraph at lines 164--169

 []

[3]
Underfull \hbox (badness 10000) in paragraph at lines 177--183

 []


Underfull \hbox (badness 10000) in paragraph at lines 189--192

 []

LaTeX Font Info:    Trying to load font information for OMS+cmr on input line 1
95.
(/usr/share/texlive/texmf-dist/tex/latex/base/omscmr.fd
File: omscmr.fd 2022/07/10 v2.5l Standard LaTeX font definitions
)
LaTeX Font Info:    Font shape `OMS/cmr/m/n' in size <12> not available
(Font)              Font shape `OMS/cmsy/m/n' tried instead on input line 195.
 [4]
Underfull \hbox (badness 10000) in paragraph at lines 281--285

 []


Underfull \hbox (badness 10000) in paragraph at lines 281--285

 []

[5]
<gd_vs_sgd.png, id=31, 722.7pt x 361.35pt>
File: gd_vs_sgd.png Graphic file (type png)
<use gd_vs_sgd.png>
Package pdftex.def Info: gd_vs_sgd.png  used on input line 289.
(pdftex.def)             Requested size: 469.75499pt x 234.88023pt.

Underfull \hbox (badness 10000) in paragraph at lines 292--299

 []


Underfull \hbox (badness 10000) in paragraph at lines 292--299

 []


Underfull \hbox (badness 10000) in paragraph at lines 292--299

 []


Underfull \hbox (badness 10000) in paragraph at lines 292--299

 []


Underfull \hbox (badness 10000) in paragraph at lines 292--299

 []


Underfull \hbox (badness 10000) in paragraph at lines 292--299

 []


Underfull \hbox (badness 10000) in paragraph at lines 292--299

 []


Underfull \hbox (badness 10000) in paragraph at lines 292--299

 []

<rms_model_size.png, id=33, 722.7pt x 361.35pt>
File: rms_model_size.png Graphic file (type png)
<use rms_model_size.png>
Package pdftex.def Info: rms_model_size.png  used on input line 303.
(pdftex.def)             Requested size: 361.3491pt x 180.67456pt.
[6 <./gd_vs_sgd.png>] [7 <./rms_model_size.png>]
File: rms_model_size.png Graphic file (type png)
<use rms_model_size.png>
Package pdftex.def Info: rms_model_size.png  used on input line 318.
(pdftex.def)             Requested size: 361.3491pt x 180.67456pt.
<rms_lambda_value.png, id=43, 722.7pt x 361.35pt>
File: rms_lambda_value.png Graphic file (type png)
<use rms_lambda_value.png>
Package pdftex.def Info: rms_lambda_value.png  used on input line 321.
(pdftex.def)             Requested size: 361.3491pt x 180.67456pt.
 [8 <./rms_lambda_value.png>]
[9] [10]
<locally_weighted_lr.png, id=54, 722.7pt x 505.89pt>
File: locally_weighted_lr.png Graphic file (type png)
<use locally_weighted_lr.png>
Package pdftex.def Info: locally_weighted_lr.png  used on input line 416.
(pdftex.def)             Requested size: 469.75499pt x 328.8323pt.
 [11 <./locally_weighted_lr.png>] (./hw1_writeup.aux) ) 
Here is how much of TeX's memory you used:
 1883 strings out of 478051
 28717 string characters out of 5840943
 1862330 words of memory out of 5000000
 22024 multiletter control sequences out of 15000+600000
 517591 words of font info for 52 fonts, out of 8000000 for 9000
 14 hyphenation exceptions out of 8191
 57i,7n,62p,231b,222s stack positions out of 10000i,1000n,20000p,200000b,200000s
</usr/share/texlive/texm
f-dist/fonts/type1/public/amsfonts/cm/cmbx12.pfb></usr/share/texlive/texmf-dist
/fonts/type1/public/amsfonts/cm/cmex10.pfb></usr/share/texlive/texmf-dist/fonts
/type1/public/amsfonts/cm/cmmi12.pfb></usr/share/texlive/texmf-dist/fonts/type1
/public/amsfonts/cm/cmmi6.pfb></usr/share/texlive/texmf-dist/fonts/type1/public
/amsfonts/cm/cmmi8.pfb></usr/share/texlive/texmf-dist/fonts/type1/public/amsfon
ts/cm/cmr12.pfb></usr/share/texlive/texmf-dist/fonts/type1/public/amsfonts/cm/c
mr6.pfb></usr/share/texlive/texmf-dist/fonts/type1/public/amsfonts/cm/cmr8.pfb>
</usr/share/texlive/texmf-dist/fonts/type1/public/amsfonts/cm/cmsl12.pfb></usr/
share/texlive/texmf-dist/fonts/type1/public/amsfonts/cm/cmsy10.pfb></usr/share/
texlive/texmf-dist/fonts/type1/public/amsfonts/cm/cmsy8.pfb></usr/share/texlive
/texmf-dist/fonts/type1/public/amsfonts/symbols/msam10.pfb></usr/share/texlive/
texmf-dist/fonts/type1/public/amsfonts/symbols/msbm10.pfb>
Output written on hw1_writeup.pdf (11 pages, 341134 bytes).
PDF statistics:
 114 PDF objects out of 1000 (max. 8388607)
 66 compressed objects within 1 object stream
 0 named destinations out of 1000 (max. 500000)
 21 words of extra memory for PDF output out of 10000 (max. 10000000)

